<?xml version="1.0" encoding="UTF-8"?>
<!-- Generated by org.testng.reporters.JUnitXMLReporter -->
<testsuite hostname="DESKTOP-PN0RVR2" ignored="2" name="GRP-viewaccount,login" tests="2" failures="0" timestamp="2021-06-28T12:10:51 IST" time="0.084" errors="0">
  <testcase name="login" time="0.009" classname="sel1.DependsTestNG"/>
  <testcase name="viewAccount" time="0.002" classname="sel1.DependsTestNG"/>
  <testcase name="logout" time="0.0" classname="sel1.DependsTestNG">
    <ignored/>
  </testcase> <!-- logout -->
  <testcase name="OpenBrowser" time="0.0" classname="sel1.DependsTestNG">
    <ignored/>
  </testcase> <!-- OpenBrowser -->
</testsuite> <!-- GRP-viewaccount,login -->
