<?xml version="1.0" encoding="UTF-8"?>
<!-- Generated by org.testng.reporters.JUnitXMLReporter -->
<testsuite hostname="DESKTOP-PN0RVR2" ignored="0" name="Dependent example" tests="5" failures="0" timestamp="2021-06-28T12:39:51 IST" time="0.109" errors="0">
  <testcase name="OpenBrowser" time="0.008" classname="sel1.DependsTestNG"/>
  <testcase name="viewAccount2" time="0.002" classname="sel1.DependsTestNG"/>
  <testcase name="login" time="0.01" classname="sel1.DependsTestNG"/>
  <testcase name="viewAccount" time="0.001" classname="sel1.DependsTestNG"/>
  <testcase name="logout" time="0.002" classname="sel1.DependsTestNG"/>
</testsuite> <!-- Dependent example -->
