<?xml version="1.0" encoding="UTF-8"?>
<!-- Generated by org.testng.reporters.JUnitXMLReporter -->
<testsuite hostname="DESKTOP-PN0RVR2" ignored="0" name="ExeccutingListeners" tests="6" failures="1" timestamp="2021-06-29T12:57:54 IST" time="22.132" errors="0">
  <testcase name="OpenBrowser" time="2.259" classname="sel1.ListenerUseTest">
    <skipped/>
  </testcase> <!-- OpenBrowser -->
  <testcase name="OpenBrowser" time="0.972" classname="sel1.ListenerUseTest">
    <skipped/>
  </testcase> <!-- OpenBrowser -->
  <testcase name="OpenBrowser" time="0.67" classname="sel1.ListenerUseTest">
    <skipped/>
  </testcase> <!-- OpenBrowser -->
  <testcase name="OpenBrowser" time="0.688" classname="sel1.ListenerUseTest">
    <failure type="java.lang.AssertionError" message="expected [Googleadasdasdas] but found [Google]">
      <![CDATA[java.lang.AssertionError: expected [Googleadasdasdas] but found [Google]
at sel1.ListenerUseTest.OpenBrowser(ListenerUseTest.java:31)
at java.util.ArrayList.forEach(ArrayList.java:1257)
... Removed 33 stack frames]]>
    </failure>
  </testcase> <!-- OpenBrowser -->
  <testcase name="CloseBrowser" time="2.646" classname="sel1.ListenerUseTest"/>
  <testcase name="SkipTest" time="0.001" classname="sel1.ListenerUseTest">
    <skipped/>
  </testcase> <!-- SkipTest -->
</testsuite> <!-- ExeccutingListeners -->
