<?xml version="1.0" encoding="UTF-8"?>
<!-- Generated by org.testng.reporters.JUnitXMLReporter -->
<testsuite hostname="DESKTOP-PN0RVR2" ignored="3" name="Grouping example" tests="2" failures="0" timestamp="2021-06-28T12:24:19 IST" time="0.076" errors="0">
  <testcase name="login" time="0.01" classname="sel1.DependsTestNG"/>
  <testcase name="logout" time="0.001" classname="sel1.DependsTestNG"/>
  <testcase name="viewAccount2" time="0.0" classname="sel1.DependsTestNG">
    <ignored/>
  </testcase> <!-- viewAccount2 -->
  <testcase name="viewAccount" time="0.0" classname="sel1.DependsTestNG">
    <ignored/>
  </testcase> <!-- viewAccount -->
  <testcase name="OpenBrowser" time="0.0" classname="sel1.DependsTestNG">
    <ignored/>
  </testcase> <!-- OpenBrowser -->
</testsuite> <!-- Grouping example -->
