<?xml version="1.0" encoding="UTF-8"?>
<testng-results skipped="0" failed="0" ignored="0" total="1" passed="1">
  <reporter-output>
  </reporter-output>
  <suite name="Suite" duration-ms="17107" started-at="2021-06-25T17:06:01 IST" finished-at="2021-06-25T17:06:18 IST">
    <groups>
    </groups>
    <test name="Test" duration-ms="17107" started-at="2021-06-25T17:06:01 IST" finished-at="2021-06-25T17:06:18 IST">
      <class name="sel1.AssertionExample">
        <test-method status="PASS" signature="assertPass()[pri:0, instance:sel1.AssertionExample@3c0f93f1]" name="assertPass" duration-ms="17069" started-at="2021-06-25T17:06:01 IST" finished-at="2021-06-25T17:06:18 IST">
          <reporter-output>
          </reporter-output>
        </test-method> <!-- assertPass -->
      </class> <!-- sel1.AssertionExample -->
    </test> <!-- Test -->
  </suite> <!-- Suite -->
</testng-results>
